<?xml version="1.0" encoding="UTF-8"?>
<testng-results ignored="0" total="1" passed="1" failed="0" skipped="0">
  <reporter-output>
  </reporter-output>
  <suite started-at="2022-08-04T19:57:16 IST" name="Surefire suite" finished-at="2022-08-04T19:57:16 IST" duration-ms="118">
    <groups>
    </groups>
    <test started-at="2022-08-04T19:57:16 IST" name="Surefire test" finished-at="2022-08-04T19:57:16 IST" duration-ms="118">
      <class name="Milestone1.maven_project.AppTest">
        <test-method signature="shouldAnswerWithTrue()" started-at="2022-08-04T19:57:16 IST" name="shouldAnswerWithTrue" finished-at="2022-08-04T19:57:16 IST" duration-ms="14" status="PASS">
          <reporter-output>
          </reporter-output>
        </test-method> <!-- shouldAnswerWithTrue -->
      </class> <!-- Milestone1.maven_project.AppTest -->
    </test> <!-- Surefire test -->
  </suite> <!-- Surefire suite -->
</testng-results>
